<?xml version="1.0" encoding="UTF-8"?>
<!-- Generated by org.testng.reporters.JUnitReportReporter -->
<testsuite hostname="DESKTOP-93M8G1M" failures="0" tests="3" name="com.juaracoidng.restassured.Test02_CRUD" time="14.118" errors="0" timestamp="2022-03-16T15:52:31 ICT" skipped="0">
  <testcase classname="com.juaracoidng.restassured.Test02_CRUD" name="test01_post" time="12.133"/>
  <system-out/>
  <testcase classname="com.juaracoidng.restassured.Test02_CRUD" name="test02_update" time="1.110"/>
  <system-out/>
  <testcase classname="com.juaracoidng.restassured.Test02_CRUD" name="test03_delete" time="0.875"/>
  <system-out/>
</testsuite> <!-- com.juaracoidng.restassured.Test02_CRUD -->
