<?xml version="1.0" encoding="UTF-8"?>
<!-- Generated by org.testng.reporters.JUnitReportReporter -->
<testsuite hostname="DESKTOP-93M8G1M" failures="0" tests="2" name="com.juaracoidng.restassured.Test01_GET" time="15.907" errors="0" timestamp="2022-03-16T14:35:17 ICT" skipped="0">
  <testcase classname="com.juaracoidng.restassured.Test01_GET" name="test_01" time="10.894"/>
  <system-out/>
  <testcase classname="com.juaracoidng.restassured.Test01_GET" name="test_02" time="5.013"/>
  <system-out/>
</testsuite> <!-- com.juaracoidng.restassured.Test01_GET -->
